c:\users\fice\dropbox\badbooty\code\release\actiondemo.ipdb
c:\users\fice\dropbox\badbooty\code\release\actiondemo.iobj
c:\users\fice\dropbox\badbooty\code\release\vc141.pdb
c:\users\fice\dropbox\badbooty\code\release\ui.obj
c:\users\fice\dropbox\badbooty\code\release\stair.obj
c:\users\fice\dropbox\badbooty\code\release\player.obj
c:\users\fice\dropbox\badbooty\code\release\main.obj
c:\users\fice\dropbox\badbooty\code\release\input.obj
c:\users\fice\dropbox\badbooty\code\release\image.obj
c:\users\fice\dropbox\badbooty\code\release\hit.obj
c:\users\fice\dropbox\badbooty\code\release\enemy.obj
c:\users\fice\dropbox\badbooty\code\release\dxpolygon.obj
c:\users\fice\dropbox\badbooty\code\release\dx.obj
c:\users\fice\dropbox\badbooty\code\release\display.obj
c:\users\fice\dropbox\badbooty\code\release\actiondemo.exe
c:\users\fice\dropbox\badbooty\code\release\actiondemo.pdb
c:\users\fice\dropbox\badbooty\code\release\actiondemo.tlog\actiondemo.write.1u.tlog
c:\users\fice\dropbox\badbooty\code\release\actiondemo.tlog\cl.command.1.tlog
c:\users\fice\dropbox\badbooty\code\release\actiondemo.tlog\cl.read.1.tlog
c:\users\fice\dropbox\badbooty\code\release\actiondemo.tlog\cl.write.1.tlog
c:\users\fice\dropbox\badbooty\code\release\actiondemo.tlog\link.command.1.tlog
c:\users\fice\dropbox\badbooty\code\release\actiondemo.tlog\link.read.1.tlog
c:\users\fice\dropbox\badbooty\code\release\actiondemo.tlog\link.write.1.tlog
