  Display.cpp
  DX.cpp
  DXpolygon.cpp
  Enemy.cpp
c:\users\fice\dropbox\badbooty\code\Background.h(44): warning C4244: “=”: 从“int”转换到“float”，可能丢失数据
c:\users\fice\dropbox\badbooty\code\Background.h(45): warning C4244: “=”: 从“int”转换到“float”，可能丢失数据
c:\users\fice\dropbox\badbooty\code\Background.h(140): warning C4244: “=”: 从“float”转换到“LONG”，可能丢失数据
c:\users\fice\dropbox\badbooty\code\Background.h(141): warning C4244: “=”: 从“float”转换到“LONG”，可能丢失数据
  Hit.cpp
c:\users\fice\dropbox\badbooty\code\Background.h(44): warning C4244: “=”: 从“int”转换到“float”，可能丢失数据
c:\users\fice\dropbox\badbooty\code\Background.h(45): warning C4244: “=”: 从“int”转换到“float”，可能丢失数据
c:\users\fice\dropbox\badbooty\code\Background.h(140): warning C4244: “=”: 从“float”转换到“LONG”，可能丢失数据
c:\users\fice\dropbox\badbooty\code\Background.h(141): warning C4244: “=”: 从“float”转换到“LONG”，可能丢失数据
  image.cpp
  C:\Program Files (x86)\Microsoft DirectX SDK (June 2010)\Include\dinput.h: DIRECTINPUT_VERSION undefined. Defaulting to version 0x0800
c:\users\fice\dropbox\badbooty\code\Background.h(44): warning C4244: “=”: 从“int”转换到“float”，可能丢失数据
c:\users\fice\dropbox\badbooty\code\Background.h(45): warning C4244: “=”: 从“int”转换到“float”，可能丢失数据
c:\users\fice\dropbox\badbooty\code\Background.h(140): warning C4244: “=”: 从“float”转换到“LONG”，可能丢失数据
c:\users\fice\dropbox\badbooty\code\Background.h(141): warning C4244: “=”: 从“float”转换到“LONG”，可能丢失数据
image.cpp(38): warning C4244: “=”: 从“int”转换到“float”，可能丢失数据
image.cpp(39): warning C4244: “=”: 从“int”转换到“float”，可能丢失数据
image.cpp(40): warning C4244: “=”: 从“int”转换到“float”，可能丢失数据
image.cpp(42): warning C4244: “=”: 从“int”转换到“float”，可能丢失数据
image.cpp(72): warning C4244: “=”: 从“float”转换到“byte”，可能丢失数据
image.cpp(83): warning C4244: “=”: 从“float”转换到“byte”，可能丢失数据
  input.cpp
  C:\Program Files (x86)\Microsoft DirectX SDK (June 2010)\Include\dinput.h: DIRECTINPUT_VERSION undefined. Defaulting to version 0x0800
  main.cpp
  C:\Program Files (x86)\Microsoft DirectX SDK (June 2010)\Include\dinput.h: DIRECTINPUT_VERSION undefined. Defaulting to version 0x0800
c:\users\fice\dropbox\badbooty\code\Background.h(44): warning C4244: “=”: 从“int”转换到“float”，可能丢失数据
c:\users\fice\dropbox\badbooty\code\Background.h(45): warning C4244: “=”: 从“int”转换到“float”，可能丢失数据
c:\users\fice\dropbox\badbooty\code\Background.h(140): warning C4244: “=”: 从“float”转换到“LONG”，可能丢失数据
c:\users\fice\dropbox\badbooty\code\Background.h(141): warning C4244: “=”: 从“float”转换到“LONG”，可能丢失数据
main.cpp(326): warning C4244: “参数”: 从“float”转换到“int”，可能丢失数据
  Player.cpp
  C:\Program Files (x86)\Microsoft DirectX SDK (June 2010)\Include\dinput.h: DIRECTINPUT_VERSION undefined. Defaulting to version 0x0800
c:\users\fice\dropbox\badbooty\code\Background.h(44): warning C4244: “=”: 从“int”转换到“float”，可能丢失数据
c:\users\fice\dropbox\badbooty\code\Background.h(45): warning C4244: “=”: 从“int”转换到“float”，可能丢失数据
c:\users\fice\dropbox\badbooty\code\Background.h(140): warning C4244: “=”: 从“float”转换到“LONG”，可能丢失数据
c:\users\fice\dropbox\badbooty\code\Background.h(141): warning C4244: “=”: 从“float”转换到“LONG”，可能丢失数据
Player.cpp(51): warning C4244: “=”: 从“float”转换到“LONG”，可能丢失数据
Player.cpp(52): warning C4244: “=”: 从“float”转换到“LONG”，可能丢失数据
Player.cpp(53): warning C4244: “=”: 从“LONG”转换到“float”，可能丢失数据
Player.cpp(54): warning C4244: “=”: 从“LONG”转换到“float”，可能丢失数据
Player.cpp(58): warning C4244: “=”: 从“int”转换到“float”，可能丢失数据
Player.cpp(192): warning C4244: “=”: 从“LONG”转换到“float”，可能丢失数据
Player.cpp(259): warning C4244: “=”: 从“LONG”转换到“float”，可能丢失数据
Player.cpp(313): warning C4244: “=”: 从“LONG”转换到“float”，可能丢失数据
  Stair.cpp
  C:\Program Files (x86)\Microsoft DirectX SDK (June 2010)\Include\dinput.h: DIRECTINPUT_VERSION undefined. Defaulting to version 0x0800
c:\users\fice\dropbox\badbooty\code\Background.h(44): warning C4244: “=”: 从“int”转换到“float”，可能丢失数据
c:\users\fice\dropbox\badbooty\code\Background.h(45): warning C4244: “=”: 从“int”转换到“float”，可能丢失数据
c:\users\fice\dropbox\badbooty\code\Background.h(140): warning C4244: “=”: 从“float”转换到“LONG”，可能丢失数据
c:\users\fice\dropbox\badbooty\code\Background.h(141): warning C4244: “=”: 从“float”转换到“LONG”，可能丢失数据
  UI.cpp
  C:\Program Files (x86)\Microsoft DirectX SDK (June 2010)\Include\dinput.h: DIRECTINPUT_VERSION undefined. Defaulting to version 0x0800
c:\users\fice\dropbox\badbooty\code\Background.h(44): warning C4244: “=”: 从“int”转换到“float”，可能丢失数据
c:\users\fice\dropbox\badbooty\code\Background.h(45): warning C4244: “=”: 从“int”转换到“float”，可能丢失数据
c:\users\fice\dropbox\badbooty\code\Background.h(140): warning C4244: “=”: 从“float”转换到“LONG”，可能丢失数据
c:\users\fice\dropbox\badbooty\code\Background.h(141): warning C4244: “=”: 从“float”转换到“LONG”，可能丢失数据
  正在生成代码
  All 98 functions were compiled because no usable IPDB/IOBJ from previous compilation was found.
  已完成代码的生成
  DirectX.vcxproj -> C:\Users\fice\Dropbox\BadBooty\Code\Release\ActionDEMO.exe
  DirectX.vcxproj -> C:\Users\fice\Dropbox\BadBooty\Code\Release\ActionDEMO.pdb (Full PDB)
